#
# A fatal error has been detected by the Java Runtime Environment:
#
#  EXCEPTION_ACCESS_VIOLATION (0xc0000005) at pc=0x0000000057f532a0, pid=4432, tid=0x00000000000015cc
#
# JRE version: OpenJDK Runtime Environment (8.0_112-b06) (build 1.8.0_112-release-b06)
# Java VM: OpenJDK 64-Bit Server VM (25.112-b06 mixed mode windows-amd64 compressed oops)
# Problematic frame:
# V  [jvm.dll+0xe32a0]
#
# Failed to write core dump. Minidumps are not enabled by default on client versions of Windows
#
# If you would like to submit a bug report, please visit:
#   http://bugreport.java.com/bugreport/crash.jsp
#

---------------  T H R E A D  ---------------

Current thread (0x0000000018c71000):  JavaThread "C1 CompilerThread3" daemon [_thread_in_vm, id=5580, stack(0x0000000019730000,0x0000000019830000)]

siginfo: ExceptionCode=0xc0000005, reading address 0x0000000000000073

Registers:
RAX=0x0000000000000073, RBX=0x0000000003547dd0, RCX=0x000000010027de90, RDX=0x0000000003547dd0
RSP=0x000000001982ed60, RBP=0x000000001982ef88, RSI=0x0000000000000630, RDI=0x000000010027de90
R8 =0x000000010027de90, R9 =0x000000005862b2b8, R10=0x000000001ad6d020, R11=0x0000000000000002
R12=0x0000000000000104, R13=0x0000000000004610, R14=0x0000000018c72250, R15=0x000000001dd036b0
RIP=0x0000000057f532a0, EFLAGS=0x0000000000010202

Top of Stack: (sp=0x000000001982ed60)
0x000000001982ed60:   000000001dd036b0 0000000018c72250
0x000000001982ed70:   0000000000004610 0000000000000104
0x000000001982ed80:   0000000003547dd0 0000000057ee89ed
0x000000001982ed90:   0000000002da86b0 0000000000000630
0x000000001982eda0:   0000000003547dd0 0000000000000000
0x000000001982edb0:   00000000ffffffff 000000001982f288
0x000000001982edc0:   00000001000000d0 0000000018c72250
0x000000001982edd0:   000000001dd036b0 000000001982f2a8
0x000000001982ede0:   000000000000001e 000000001dd03660
0x000000001982edf0:   000000001982f250 000000001982f268
0x000000001982ee00:   0000000016d7a500 0000000000000003
0x000000001982ee10:   000000d00000068b 00000003ffffffff
0x000000001982ee20:   000000000000001e 000000001982f2a8
0x000000001982ee30:   0000000016d7a500 000000001982f268
0x000000001982ee40:   000000001dd03660 000000001982f250
0x000000001982ee50:   0000000000000010 0000000018c71000 

Instructions: (pc=0x0000000057f532a0)
0x0000000057f53280:   48 89 5c 24 08 57 48 83 ec 20 48 8b 81 38 01 00
0x0000000057f53290:   00 48 8b da 48 8b f9 48 85 c0 74 12 0f 1f 40 00
0x0000000057f532a0:   48 3b 10 74 3f 48 8b 40 10 48 85 c0 75 f2 b9 18
0x0000000057f532b0:   00 00 00 e8 88 96 f4 ff 48 85 c0 74 35 48 8b 8f 


Register to memory mapping:

RAX=0x0000000000000073 is an unknown value
RBX=0x0000000003547dd0 is at entry_point+-1104 in (nmethod*)0x0000000003547dd0
RCX=0x000000010027de90 is pointing into metadata
RDX=0x0000000003547dd0 is at entry_point+-1104 in (nmethod*)0x0000000003547dd0
RSP=0x000000001982ed60 is pointing into the stack for thread: 0x0000000018c71000
RBP=0x000000001982ef88 is pointing into the stack for thread: 0x0000000018c71000
RSI=0x0000000000000630 is an unknown value
RDI=0x000000010027de90 is pointing into metadata
R8 =0x000000010027de90 is pointing into metadata
R9 =0x000000005862b2b8 is an unknown value
R10=0x000000001ad6d020 is an unknown value
R11=0x0000000000000002 is an unknown value
R12=0x0000000000000104 is an unknown value
R13=0x0000000000004610 is an unknown value
R14=0x0000000018c72250 is an unknown value
R15=0x000000001dd036b0 is an unknown value


Stack: [0x0000000019730000,0x0000000019830000],  sp=0x000000001982ed60,  free space=1019k
Native frames: (J=compiled Java code, j=interpreted, Vv=VM code, C=native code)
V  [jvm.dll+0xe32a0]
V  [jvm.dll+0x789ed]
V  [jvm.dll+0xc6ee]
V  [jvm.dll+0x3d7e69]
V  [jvm.dll+0x3d8e24]
V  [jvm.dll+0x3d8fd1]
V  [jvm.dll+0x3d91df]
V  [jvm.dll+0x80b29]
V  [jvm.dll+0x8145f]
V  [jvm.dll+0x21be7f]
V  [jvm.dll+0x26c13a]
C  [msvcr100.dll+0x21d9f]
C  [msvcr100.dll+0x21e3b]
C  [KERNEL32.DLL+0x8364]
C  [ntdll.dll+0x670d1]


Current CompileTask:
C1:   2932 1675       3       groovy.lang.MetaClassImpl$1MOPIter::methodNameAction (479 bytes)


---------------  P R O C E S S  ---------------

Java Threads: ( => current thread )
  0x000000001b6b9800 JavaThread "File lock request listener" [_thread_in_native, id=936, stack(0x000000001d540000,0x000000001d640000)]
  0x000000001ac38800 JavaThread "Stdin handler" [_thread_blocked, id=10040, stack(0x000000001d140000,0x000000001d240000)]
  0x000000001ac4b800 JavaThread "Asynchronous log dispatcher for DefaultDaemonConnection: socket connection from /127.0.0.1:57287 to /127.0.0.1:57288" [_thread_blocked, id=6704, stack(0x000000001d040000,0x000000001d140000)]
  0x000000001ac4a000 JavaThread "Daemon worker" [_thread_blocked, id=9700, stack(0x000000001cf40000,0x000000001d040000)]
  0x000000001af18800 JavaThread "Cancel handler" [_thread_blocked, id=5064, stack(0x000000001ce40000,0x000000001cf40000)]
  0x000000001af19800 JavaThread "pool-1-thread-1" [_thread_blocked, id=8580, stack(0x000000001cd40000,0x000000001ce40000)]
  0x000000001ab68000 JavaThread "Handler for socket connection from /127.0.0.1:57287 to /127.0.0.1:57288" [_thread_in_native, id=940, stack(0x000000001cc40000,0x000000001cd40000)]
  0x000000001a834800 JavaThread "Daemon" [_thread_blocked, id=5928, stack(0x000000001cb40000,0x000000001cc40000)]
  0x000000001a80b800 JavaThread "Incoming local TCP Connector on port 57287" [_thread_in_native, id=4568, stack(0x000000001c710000,0x000000001c810000)]
  0x0000000018cfd000 JavaThread "Service Thread" daemon [_thread_blocked, id=4472, stack(0x0000000019830000,0x0000000019930000)]
=>0x0000000018c71000 JavaThread "C1 CompilerThread3" daemon [_thread_in_vm, id=5580, stack(0x0000000019730000,0x0000000019830000)]
  0x0000000018c6a800 JavaThread "C2 CompilerThread2" daemon [_thread_in_native, id=6780, stack(0x0000000019630000,0x0000000019730000)]
  0x0000000018c69000 JavaThread "C2 CompilerThread1" daemon [_thread_in_vm, id=6968, stack(0x0000000019530000,0x0000000019630000)]
  0x0000000018c66000 JavaThread "C2 CompilerThread0" daemon [_thread_in_vm, id=9640, stack(0x0000000019430000,0x0000000019530000)]
  0x0000000018c65000 JavaThread "Attach Listener" daemon [_thread_blocked, id=10112, stack(0x0000000019330000,0x0000000019430000)]
  0x0000000018c62000 JavaThread "Signal Dispatcher" daemon [_thread_blocked, id=2904, stack(0x0000000019230000,0x0000000019330000)]
  0x0000000018c61800 JavaThread "Finalizer" daemon [_thread_blocked, id=9404, stack(0x0000000019040000,0x0000000019140000)]
  0x0000000002fa6000 JavaThread "Reference Handler" daemon [_thread_blocked, id=9956, stack(0x0000000018b40000,0x0000000018c40000)]
  0x0000000002eb0800 JavaThread "main" [_thread_blocked, id=9368, stack(0x0000000002db0000,0x0000000002eb0000)]

Other Threads:
  0x0000000016d65800 VMThread [stack: 0x0000000018a40000,0x0000000018b40000] [id=1204]
  0x0000000018cfe000 WatcherThread [stack: 0x0000000019930000,0x0000000019a30000] [id=5156]

VM state:not at safepoint (normal execution)

VM Mutex/Monitor currently owned by a thread:  ([mutex/lock_event])
[0x0000000002da86b0] CodeCache_lock - owner thread: 0x0000000018c71000
[0x0000000002dad4b0] Compile_lock - owner thread: 0x0000000018c71000
[0x0000000002dae4b0] MethodCompileQueue_lock - owner thread: 0x0000000018c71000

Heap:
 PSYoungGen      total 88576K, used 38852K [0x00000000e0000000, 0x00000000e5d00000, 0x0000000100000000)
  eden space 81920K, 39% used [0x00000000e0000000,0x00000000e1f769c0,0x00000000e5000000)
  from space 6656K, 99% used [0x00000000e5680000,0x00000000e5cfa660,0x00000000e5d00000)
  to   space 6656K, 0% used [0x00000000e5000000,0x00000000e5000000,0x00000000e5680000)
 ParOldGen       total 109568K, used 990K [0x00000000a0000000, 0x00000000a6b00000, 0x00000000e0000000)
  object space 109568K, 0% used [0x00000000a0000000,0x00000000a00f7978,0x00000000a6b00000)
 Metaspace       used 20133K, capacity 20552K, committed 20864K, reserved 1067008K
  class space    used 2731K, capacity 2846K, committed 2944K, reserved 1048576K

Card table byte_map: [0x0000000012370000,0x0000000012680000] byte_map_base: 0x0000000011e70000

Marking Bits: (ParMarkBitMap*) 0x00000000586318f0
 Begin Bits: [0x0000000013080000, 0x0000000014880000)
 End Bits:   [0x0000000014880000, 0x0000000016080000)

Polling page: 0x00000000016e0000

CodeCache: size=245760Kb used=5730Kb max_used=5730Kb free=240029Kb
 bounds [0x0000000002fb0000, 0x0000000003550000, 0x0000000011fb0000]
 total_blobs=2071 nmethods=1667 adapters=318
 compilation: enabled

Compilation events (10 events):
Event: 2.849 Thread 0x0000000018c71000 nmethod 1667 0x0000000003546550 code [0x00000000035466a0, 0x00000000035467b0]
Event: 2.850 Thread 0x0000000018c71000 1668       1       org.codehaus.groovy.util.FastArray::getArray (5 bytes)
Event: 2.850 Thread 0x0000000018c71000 nmethod 1668 0x0000000003546290 code [0x00000000035463e0, 0x00000000035464f0]
Event: 2.851 Thread 0x0000000018c71000 1669       3       java.util.Arrays::binarySearch0 (95 bytes)
Event: 2.851 Thread 0x0000000018c69000 1670  s    4       java.lang.StringBuffer::toString (36 bytes)
Event: 2.851 Thread 0x0000000018c66000 1671  s    4       java.lang.StringBuffer::append (13 bytes)
Event: 2.851 Thread 0x0000000018c71000 nmethod 1669 0x0000000003543c50 code [0x0000000003543de0, 0x0000000003544218]
Event: 2.851 Thread 0x0000000018c71000 1673       3       java.lang.Character::digit (6 bytes)
Event: 2.852 Thread 0x0000000018c71000 nmethod 1673 0x0000000003547890 code [0x0000000003547a00, 0x0000000003547c98]
Event: 2.852 Thread 0x0000000018c71000 1675       3       groovy.lang.MetaClassImpl$1MOPIter::methodNameAction (479 bytes)

GC Heap History (4 events):
Event: 0.797 GC heap before
{Heap before GC invocations=1 (full 0):
 PSYoungGen      total 47616K, used 40960K [0x00000000e0000000, 0x00000000e3500000, 0x0000000100000000)
  eden space 40960K, 100% used [0x00000000e0000000,0x00000000e2800000,0x00000000e2800000)
  from space 6656K, 0% used [0x00000000e2e80000,0x00000000e2e80000,0x00000000e3500000)
  to   space 6656K, 0% used [0x00000000e2800000,0x00000000e2800000,0x00000000e2e80000)
 ParOldGen       total 109568K, used 0K [0x00000000a0000000, 0x00000000a6b00000, 0x00000000e0000000)
  object space 109568K, 0% used [0x00000000a0000000,0x00000000a0000000,0x00000000a6b00000)
 Metaspace       used 6991K, capacity 7232K, committed 7424K, reserved 1056768K
  class space    used 878K, capacity 960K, committed 1024K, reserved 1048576K
Event: 0.806 GC heap after
Heap after GC invocations=1 (full 0):
 PSYoungGen      total 47616K, used 5021K [0x00000000e0000000, 0x00000000e5d00000, 0x0000000100000000)
  eden space 40960K, 0% used [0x00000000e0000000,0x00000000e0000000,0x00000000e2800000)
  from space 6656K, 75% used [0x00000000e2800000,0x00000000e2ce7448,0x00000000e2e80000)
  to   space 6656K, 0% used [0x00000000e5680000,0x00000000e5680000,0x00000000e5d00000)
 ParOldGen       total 109568K, used 16K [0x00000000a0000000, 0x00000000a6b00000, 0x00000000e0000000)
  object space 109568K, 0% used [0x00000000a0000000,0x00000000a0004000,0x00000000a6b00000)
 Metaspace       used 6991K, capacity 7232K, committed 7424K, reserved 1056768K
  class space    used 878K, capacity 960K, committed 1024K, reserved 1048576K
}
Event: 1.686 GC heap before
{Heap before GC invocations=2 (full 0):
 PSYoungGen      total 47616K, used 45981K [0x00000000e0000000, 0x00000000e5d00000, 0x0000000100000000)
  eden space 40960K, 100% used [0x00000000e0000000,0x00000000e2800000,0x00000000e2800000)
  from space 6656K, 75% used [0x00000000e2800000,0x00000000e2ce7448,0x00000000e2e80000)
  to   space 6656K, 0% used [0x00000000e5680000,0x00000000e5680000,0x00000000e5d00000)
 ParOldGen       total 109568K, used 16K [0x00000000a0000000, 0x00000000a6b00000, 0x00000000e0000000)
  object space 109568K, 0% used [0x00000000a0000000,0x00000000a0004000,0x00000000a6b00000)
 Metaspace       used 14451K, capacity 14726K, committed 14976K, reserved 1062912K
  class space    used 1967K, capacity 2062K, committed 2176K, reserved 1048576K
Event: 1.697 GC heap after
Heap after GC invocations=2 (full 0):
 PSYoungGen      total 88576K, used 6633K [0x00000000e0000000, 0x00000000e5d00000, 0x0000000100000000)
  eden space 81920K, 0% used [0x00000000e0000000,0x00000000e0000000,0x00000000e5000000)
  from space 6656K, 99% used [0x00000000e5680000,0x00000000e5cfa660,0x00000000e5d00000)
  to   space 6656K, 0% used [0x00000000e5000000,0x00000000e5000000,0x00000000e5680000)
 ParOldGen       total 109568K, used 990K [0x00000000a0000000, 0x00000000a6b00000, 0x00000000e0000000)
  object space 109568K, 0% used [0x00000000a0000000,0x00000000a00f7978,0x00000000a6b00000)
 Metaspace       used 14451K, capacity 14726K, committed 14976K, reserved 1062912K
  class space    used 1967K, capacity 2062K, committed 2176K, reserved 1048576K
}

Deoptimization events (10 events):
Event: 2.323 Thread 0x000000001ac4a000 Uncommon trap: reason=predicate action=maybe_recompile pc=0x00000000034896c8 method=sun.security.provider.DigestBase.implCompressMultiBlock([BII)I @ 5
Event: 2.334 Thread 0x000000001ac4a000 Uncommon trap: reason=unstable_if action=reinterpret pc=0x0000000003275ddc method=java.lang.AbstractStringBuilder.append(Ljava/lang/String;)Ljava/lang/AbstractStringBuilder; @ 1
Event: 2.334 Thread 0x000000001ac4a000 Uncommon trap: reason=unstable_if action=reinterpret pc=0x00000000031cb868 method=java.lang.AbstractStringBuilder.append(Ljava/lang/String;)Ljava/lang/AbstractStringBuilder; @ 1
Event: 2.432 Thread 0x000000001ac4a000 Uncommon trap: reason=class_check action=maybe_recompile pc=0x000000000317c328 method=java.lang.String.equals(Ljava/lang/Object;)Z @ 8
Event: 2.432 Thread 0x000000001ac4a000 Uncommon trap: reason=class_check action=maybe_recompile pc=0x000000000317c328 method=java.lang.String.equals(Ljava/lang/Object;)Z @ 8
Event: 2.433 Thread 0x000000001ac4a000 Uncommon trap: reason=class_check action=maybe_recompile pc=0x000000000317c328 method=java.lang.String.equals(Ljava/lang/Object;)Z @ 8
Event: 2.433 Thread 0x000000001ac4a000 Uncommon trap: reason=class_check action=maybe_recompile pc=0x000000000317c328 method=java.lang.String.equals(Ljava/lang/Object;)Z @ 8
Event: 2.578 Thread 0x000000001ac4a000 Uncommon trap: reason=class_check action=maybe_recompile pc=0x0000000003489aa4 method=sun.security.provider.DigestBase.implCompressMultiBlock([BII)I @ 8
Event: 2.595 Thread 0x000000001ac4a000 Uncommon trap: reason=class_check action=maybe_recompile pc=0x0000000003198850 method=sun.misc.URLClassPath.getLoader(I)Lsun/misc/URLClassPath$Loader; @ 94
Event: 2.595 Thread 0x000000001ac4a000 Uncommon trap: reason=class_check action=maybe_recompile pc=0x00000000034b85ec method=sun.misc.URLClassPath.getResource(Ljava/lang/String;Z)Lsun/misc/Resource; @ 62

Internal exceptions (10 events):
Event: 1.879 Thread 0x000000001ac4a000 Exception <a 'java/lang/NoSuchMethodError': <clinit>> (0x00000000e0c3b998) thrown at [C:\src\android\AOSP-openjdk\external\jetbrains\jdk\hotspot\src\share\vm\prims\jni.cpp, line 1613]
Event: 1.880 Thread 0x000000001ac4a000 Exception <a 'java/lang/NoSuchMethodError': <clinit>> (0x00000000e0c47c78) thrown at [C:\src\android\AOSP-openjdk\external\jetbrains\jdk\hotspot\src\share\vm\prims\jni.cpp, line 1613]
Event: 1.881 Thread 0x000000001ac4a000 Exception <a 'java/lang/NoSuchMethodError': <clinit>> (0x00000000e0c52118) thrown at [C:\src\android\AOSP-openjdk\external\jetbrains\jdk\hotspot\src\share\vm\prims\jni.cpp, line 1613]
Event: 2.024 Thread 0x000000001ac4a000 Exception <a 'java/lang/NoSuchMethodError': <clinit>> (0x00000000e0dc7c68) thrown at [C:\src\android\AOSP-openjdk\external\jetbrains\jdk\hotspot\src\share\vm\prims\jni.cpp, line 1613]
Event: 2.246 Thread 0x000000001ac4a000 Exception <a 'java/lang/NoSuchMethodError': <clinit>> (0x00000000e0e0b1e8) thrown at [C:\src\android\AOSP-openjdk\external\jetbrains\jdk\hotspot\src\share\vm\prims\jni.cpp, line 1613]
Event: 2.256 Thread 0x000000001ac4a000 Exception <a 'java/lang/NoSuchMethodError': <clinit>> (0x00000000e0e24588) thrown at [C:\src\android\AOSP-openjdk\external\jetbrains\jdk\hotspot\src\share\vm\prims\jni.cpp, line 1613]
Event: 2.257 Thread 0x000000001ac4a000 Exception <a 'java/lang/NoSuchMethodError': <clinit>> (0x00000000e0e37560) thrown at [C:\src\android\AOSP-openjdk\external\jetbrains\jdk\hotspot\src\share\vm\prims\jni.cpp, line 1613]
Event: 2.274 Thread 0x000000001ac4a000 Exception <a 'java/lang/NoSuchMethodError': <clinit>> (0x00000000e0e4f470) thrown at [C:\src\android\AOSP-openjdk\external\jetbrains\jdk\hotspot\src\share\vm\prims\jni.cpp, line 1613]
Event: 2.334 Thread 0x000000001ac4a000 Implicit null exception at 0x0000000003275a56 to 0x0000000003275dc5
Event: 2.334 Thread 0x000000001ac4a000 Implicit null exception at 0x00000000031cb4d6 to 0x00000000031cb851

Events (10 events):
Event: 2.853 loading class java/beans/EventSetDescriptor
Event: 2.853 loading class java/beans/EventSetDescriptor done
Event: 2.853 loading class java/beans/ThreadGroupContext
Event: 2.853 loading class java/beans/ThreadGroupContext done
Event: 2.853 loading class java/beans/ThreadGroupContext$1
Event: 2.853 loading class java/beans/WeakIdentityMap
Event: 2.854 loading class java/beans/WeakIdentityMap done
Event: 2.854 loading class java/beans/ThreadGroupContext$1 done
Event: 2.854 loading class java/beans/WeakIdentityMap$Entry
Event: 2.854 loading class java/beans/WeakIdentityMap$Entry done


Dynamic libraries:
0x00007ff7e8310000 - 0x00007ff7e8341000 	C:\Program Files\Android\Android Studio\jre\bin\java.exe
0x00007ff96aa30000 - 0x00007ff96ac01000 	C:\WINDOWS\SYSTEM32\ntdll.dll
0x00007ff968080000 - 0x00007ff96812b000 	C:\WINDOWS\System32\KERNEL32.DLL
0x00007ff967300000 - 0x00007ff96751d000 	C:\WINDOWS\System32\KERNELBASE.dll
0x00007ff9687c0000 - 0x00007ff968862000 	C:\WINDOWS\System32\ADVAPI32.dll
0x00007ff96a1f0000 - 0x00007ff96a28e000 	C:\WINDOWS\System32\msvcrt.dll
0x00007ff968630000 - 0x00007ff968689000 	C:\WINDOWS\System32\sechost.dll
0x00007ff968690000 - 0x00007ff9687b1000 	C:\WINDOWS\System32\RPCRT4.dll
0x00007ff968260000 - 0x00007ff9683c5000 	C:\WINDOWS\System32\USER32.dll
0x00007ff967520000 - 0x00007ff96753e000 	C:\WINDOWS\System32\win32u.dll
0x00007ff967fc0000 - 0x00007ff967ff4000 	C:\WINDOWS\System32\GDI32.dll
0x00007ff966f20000 - 0x00007ff9670a2000 	C:\WINDOWS\System32\gdi32full.dll
0x00007ff95e970000 - 0x00007ff95ebe9000 	C:\WINDOWS\WinSxS\amd64_microsoft.windows.common-controls_6595b64144ccf1df_6.0.14393.447_none_42191651c6827bb3\COMCTL32.dll
0x00007ff969d80000 - 0x00007ff96a048000 	C:\WINDOWS\System32\combase.dll
0x00007ff967ec0000 - 0x00007ff967fb5000 	C:\WINDOWS\System32\ucrtbase.dll
0x00007ff967e50000 - 0x00007ff967eba000 	C:\WINDOWS\System32\bcryptPrimitives.dll
0x00007ff968230000 - 0x00007ff96825e000 	C:\WINDOWS\System32\IMM32.DLL
0x0000000057cb0000 - 0x0000000057d82000 	C:\Program Files\Android\Android Studio\jre\jre\bin\msvcr100.dll
0x0000000057e70000 - 0x00000000586ac000 	C:\Program Files\Android\Android Studio\jre\jre\bin\server\jvm.dll
0x00007ff968580000 - 0x00007ff968588000 	C:\WINDOWS\System32\PSAPI.DLL
0x00007ff9536d0000 - 0x00007ff9536d9000 	C:\WINDOWS\SYSTEM32\WSOCK32.dll
0x00007ff964ea0000 - 0x00007ff964ec3000 	C:\WINDOWS\SYSTEM32\WINMM.dll
0x00007ff963630000 - 0x00007ff96363a000 	C:\WINDOWS\SYSTEM32\VERSION.dll
0x00007ff968010000 - 0x00007ff96807a000 	C:\WINDOWS\System32\WS2_32.dll
0x00007ff964d80000 - 0x00007ff964dab000 	C:\WINDOWS\SYSTEM32\WINMMBASE.dll
0x00007ff967150000 - 0x00007ff967192000 	C:\WINDOWS\System32\cfgmgr32.dll
0x00007ff963850000 - 0x00007ff96385f000 	C:\Program Files\Android\Android Studio\jre\jre\bin\verify.dll
0x00007ff9585b0000 - 0x00007ff9585d9000 	C:\Program Files\Android\Android Studio\jre\jre\bin\java.dll
0x00007ff958c60000 - 0x00007ff958c76000 	C:\Program Files\Android\Android Studio\jre\jre\bin\zip.dll
0x00007ff968870000 - 0x00007ff969d79000 	C:\WINDOWS\System32\SHELL32.dll
0x00007ff967770000 - 0x00007ff967e4a000 	C:\WINDOWS\System32\windows.storage.dll
0x00007ff966ed0000 - 0x00007ff966f1c000 	C:\WINDOWS\System32\powrprof.dll
0x00007ff96a740000 - 0x00007ff96a792000 	C:\WINDOWS\System32\shlwapi.dll
0x00007ff966ea0000 - 0x00007ff966eaf000 	C:\WINDOWS\System32\kernel.appcore.dll
0x00007ff9671a0000 - 0x00007ff967249000 	C:\WINDOWS\System32\shcore.dll
0x00007ff966eb0000 - 0x00007ff966ec4000 	C:\WINDOWS\System32\profapi.dll
0x00007ff956d10000 - 0x00007ff956d2a000 	C:\Program Files\Android\Android Studio\jre\jre\bin\net.dll
0x00007ff966760000 - 0x00007ff9667bc000 	C:\WINDOWS\system32\mswsock.dll
0x00007ff9584f0000 - 0x00007ff958501000 	C:\Program Files\Android\Android Studio\jre\jre\bin\nio.dll
0x00007ff958510000 - 0x00007ff95852e000 	C:\Users\r4kia\.gradle\native\23\windows-amd64\native-platform.dll
0x00007ff966910000 - 0x00007ff966927000 	C:\WINDOWS\SYSTEM32\CRYPTSP.dll
0x00007ff966370000 - 0x00007ff9663a3000 	C:\WINDOWS\system32\rsaenh.dll
0x00007ff966dd0000 - 0x00007ff966dfb000 	C:\WINDOWS\SYSTEM32\bcrypt.dll
0x00007ff9665d0000 - 0x00007ff9665ef000 	C:\WINDOWS\SYSTEM32\USERENV.dll
0x00007ff966900000 - 0x00007ff96690b000 	C:\WINDOWS\SYSTEM32\CRYPTBASE.dll
0x00007ff9664f0000 - 0x00007ff966528000 	C:\WINDOWS\SYSTEM32\IPHLPAPI.DLL
0x00007ff968000000 - 0x00007ff968008000 	C:\WINDOWS\System32\NSI.dll
0x00007ff962a00000 - 0x00007ff962a16000 	C:\WINDOWS\SYSTEM32\dhcpcsvc6.DLL
0x00007ff9629d0000 - 0x00007ff9629ea000 	C:\WINDOWS\SYSTEM32\dhcpcsvc.DLL
0x00007ff95c570000 - 0x00007ff95c57d000 	C:\Program Files\Android\Android Studio\jre\jre\bin\management.dll
0x00007ff95e7d0000 - 0x00007ff95e962000 	C:\WINDOWS\SYSTEM32\dbghelp.dll

VM Arguments:
jvm_args: -Xmx1536m -Dfile.encoding=windows-1252 -Duser.country=US -Duser.language=en -Duser.variant 
java_command: org.gradle.launcher.daemon.bootstrap.GradleDaemon 3.3
java_class_path (initial): C:\Users\r4kia\.gradle\wrapper\dists\gradle-3.3-all\55gk2rcmfc6p2dg9u9ohc3hw9\gradle-3.3\lib\gradle-launcher-3.3.jar
Launcher Type: SUN_STANDARD

Environment Variables:
PATH=C:\Program Files (x86)\NVIDIA Corporation\PhysX\Common;C:\Program Files (x86)\Common Files\Intel\Shared Libraries\redist\ia32\mpirt;C:\Program Files (x86)\Common Files\Intel\Shared Libraries\redist\ia32\compiler;C:\ProgramData\Oracle\Java\javapath;C:\WINDOWS\system32;C:\WINDOWS;C:\WINDOWS\System32\Wbem;C:\WINDOWS\System32\WindowsPowerShell\v1.0\;C:\WINDOWS\system32\config\systemprofile\.dnx\bin;C:\Program Files\Microsoft DNX\Dnvm\;C:\Program Files\Microsoft SQL Server\130\Tools\Binn\;C:\Program Files\Git\cmd;C:\Users\r4kia\AppData\Local\Microsoft\WindowsApps;
USERNAME=r4kia
OS=Windows_NT
PROCESSOR_IDENTIFIER=AMD64 Family 21 Model 2 Stepping 0, AuthenticAMD



---------------  S Y S T E M  ---------------

OS: Windows 10.0 , 64 bit Build 14393 (10.0.14393.0)

CPU:total 8 (8 cores per cpu, 1 threads per core) family 21 model 2 stepping 0, cmov, cx8, fxsr, mmx, sse, sse2, sse3, ssse3, sse4.1, sse4.2, popcnt, avx, aes, clmul, mmxext, 3dnowpref, lzcnt, sse4a, tsc, tscinvbit, tscinv, bmi1

Memory: 4k page, physical 10447728k(5715000k free), swap 12086128k(6126000k free)

vm_info: OpenJDK 64-Bit Server VM (25.112-b06) for windows-amd64 JRE (1.8.0_112-release-b06), built on Dec  8 2016 00:54:26 by "builder" with MS VC++ 10.0 (VS2010)

time: Fri Apr 21 10:32:52 2017
elapsed time: 2 seconds (0d 0h 0m 2s)

